c:\users\nicola\documents\repos\qtserialcommands\qtserialcommands\x64\release\qmatchserialport.obj
c:\users\nicola\documents\repos\qtserialcommands\qtserialcommands\x64\release\qserialcommandmanager.obj
c:\users\nicola\documents\repos\qtserialcommands\qtserialcommands\x64\release\moc_qserialdevice.obj
c:\users\nicola\documents\repos\qtserialcommands\qtserialcommands\x64\release\serialcommandarg.obj
c:\users\nicola\documents\repos\qtserialcommands\qtserialcommands\x64\release\serialoperationmode.obj
c:\users\nicola\documents\repos\qtserialcommands\qtserialcommands\x64\release\moc_qserialresponseanalyzer.obj
c:\users\nicola\documents\repos\qtserialcommands\qtserialcommands\x64\release\serialmessages.obj
c:\users\nicola\documents\repos\qtserialcommands\qtserialcommands\x64\release\moc_qmatchserialport.obj
c:\users\nicola\documents\repos\qtserialcommands\qtserialcommands\x64\release\moc_qserialcommandmanager.obj
c:\users\nicola\documents\repos\qtserialcommands\qtserialcommands\x64\release\serialcommand.obj
c:\users\nicola\documents\repos\qtserialcommands\qtserialcommands\x64\release\qserialresponseanalyzer.obj
c:\users\nicola\documents\repos\qtserialcommands\qtserialcommands\x64\release\qserialbuffer.obj
c:\users\nicola\documents\repos\qtserialcommands\qtserialcommands\x64\release\serialportsettings.obj
c:\users\nicola\documents\repos\qtserialcommands\qtserialcommands\x64\release\moc_qserialbuffer.obj
c:\users\nicola\documents\repos\qtserialcommands\qtserialcommands\x64\release\qserialdevice.obj
c:\users\nicola\documents\repos\qtserialcommands\qtserialcommands\x64\release\serialresponsematcher.obj
c:\users\nicola\documents\repos\qtserialcommands\qtserialcommands\x64\release\qasyncserialport.obj
c:\users\nicola\documents\repos\qtserialcommands\qtserialcommands\x64\release\moc_qasyncserialport.obj
c:\users\nicola\documents\repos\qtserialcommands\x64\release\qtserialcommands.lib
c:\users\nicola\documents\repos\qtserialcommands\qtserialcommands\.\generatedfiles\release\moc_qasyncserialport.cpp
c:\users\nicola\documents\repos\qtserialcommands\qtserialcommands\.\generatedfiles\release\moc_qserialbuffer.cpp
c:\users\nicola\documents\repos\qtserialcommands\qtserialcommands\.\generatedfiles\release\moc_qserialcommandmanager.cpp
c:\users\nicola\documents\repos\qtserialcommands\qtserialcommands\.\generatedfiles\release\moc_qserialdevice.cpp
c:\users\nicola\documents\repos\qtserialcommands\qtserialcommands\.\generatedfiles\release\moc_qserialresponseanalyzer.cpp
c:\users\nicola\documents\repos\qtserialcommands\qtserialcommands\.\generatedfiles\release\moc_qmatchserialport.cpp
c:\users\nicola\documents\repos\qtserialcommands\qtserialcommands\generatedfiles\release\moc_qasyncserialport.cpp
c:\users\nicola\documents\repos\qtserialcommands\qtserialcommands\generatedfiles\release\moc_qserialbuffer.cpp
c:\users\nicola\documents\repos\qtserialcommands\qtserialcommands\generatedfiles\release\moc_qserialcommandmanager.cpp
c:\users\nicola\documents\repos\qtserialcommands\qtserialcommands\generatedfiles\release\moc_qserialdevice.cpp
c:\users\nicola\documents\repos\qtserialcommands\qtserialcommands\generatedfiles\release\moc_qserialresponseanalyzer.cpp
c:\users\nicola\documents\repos\qtserialcommands\qtserialcommands\generatedfiles\release\moc_qmatchserialport.cpp
c:\users\nicola\documents\repos\environmentsensor\qtserialcommands\x64\release\moc_qasyncserialport.obj
c:\users\nicola\documents\repos\environmentsensor\qtserialcommands\x64\release\moc_qmatchserialport.obj
c:\users\nicola\documents\repos\environmentsensor\qtserialcommands\x64\release\moc_qserialbuffer.obj
c:\users\nicola\documents\repos\environmentsensor\qtserialcommands\x64\release\moc_qserialcommandmanager.obj
c:\users\nicola\documents\repos\environmentsensor\qtserialcommands\x64\release\moc_qserialdevice.obj
c:\users\nicola\documents\repos\environmentsensor\qtserialcommands\x64\release\moc_qserialresponseanalyzer.obj
c:\users\nicola\documents\repos\environmentsensor\qtserialcommands\x64\release\qasyncserialport.obj
c:\users\nicola\documents\repos\environmentsensor\qtserialcommands\x64\release\qmatchserialport.obj
c:\users\nicola\documents\repos\environmentsensor\qtserialcommands\x64\release\qserialbuffer.obj
c:\users\nicola\documents\repos\environmentsensor\qtserialcommands\x64\release\qserialcommandmanager.obj
c:\users\nicola\documents\repos\environmentsensor\qtserialcommands\x64\release\qserialdevice.obj
c:\users\nicola\documents\repos\environmentsensor\qtserialcommands\x64\release\qserialresponseanalyzer.obj
c:\users\nicola\documents\repos\environmentsensor\qtserialcommands\x64\release\serialcommand.obj
c:\users\nicola\documents\repos\environmentsensor\qtserialcommands\x64\release\serialcommandarg.obj
c:\users\nicola\documents\repos\environmentsensor\qtserialcommands\x64\release\serialmessages.obj
c:\users\nicola\documents\repos\environmentsensor\qtserialcommands\x64\release\serialoperationmode.obj
c:\users\nicola\documents\repos\environmentsensor\qtserialcommands\x64\release\serialportsettings.obj
c:\users\nicola\documents\repos\environmentsensor\qtserialcommands\x64\release\serialresponsematcher.obj
c:\users\nicola\documents\repos\environmentsensor\qtserialcommands\x64\release\qtserialcommands.tlog\cl.1020.write.1.tlog
c:\users\nicola\documents\repos\environmentsensor\qtserialcommands\x64\release\qtserialcommands.tlog\cl.command.1.tlog
c:\users\nicola\documents\repos\environmentsensor\qtserialcommands\x64\release\qtserialcommands.tlog\cl.read.1.tlog
c:\users\nicola\documents\repos\environmentsensor\qtserialcommands\x64\release\qtserialcommands.tlog\lib-link.read.1.tlog
c:\users\nicola\documents\repos\environmentsensor\qtserialcommands\x64\release\qtserialcommands.tlog\lib-link.write.1.tlog
c:\users\nicola\documents\repos\environmentsensor\qtserialcommands\x64\release\qtserialcommands.tlog\lib.command.1.tlog
c:\users\nicola\documents\repos\environmentsensor\qtserialcommands\x64\release\qtserialcommands.tlog\moc.read.1u.tlog
c:\users\nicola\documents\repos\environmentsensor\qtserialcommands\x64\release\qtserialcommands.tlog\moc.write.1u.tlog
c:\users\nicola\documents\repos\environmentsensor\qtserialcommands\x64\release\qtserialcommands.tlog\qtserialcommands.write.1u.tlog
