  Moc'ing QSerialBuffer.h...
  Moc'ing QSerialCommandManager.h...
  Moc'ing QSerialDevice.h...
  Moc'ing QSerialResponseAnalyzer.h...
  Moc'ing QMatchSerialPort.h...
  QAsyncSerialPort.cpp
  QSerialBuffer.cpp
  QSerialCommandManager.cpp
  QSerialDevice.cpp
  QSerialResponseAnalyzer.cpp
  QMatchSerialPort.cpp
  SerialCommand.cpp
  SerialCommandArg.cpp
  SerialMessages.cpp
  SerialOperationMode.cpp
  SerialPortSettings.cpp
  SerialResponseMatcher.cpp
  moc_QAsyncSerialPort.cpp
  moc_QSerialBuffer.cpp
  moc_QSerialCommandManager.cpp
  moc_QSerialDevice.cpp
  moc_QSerialResponseAnalyzer.cpp
c:\users\nicola\documents\repos\qtserialcommands\qtserialcommands\serialcommandfactory.h(5): warning C4067: unexpected tokens following preprocessor directive - expected a newline (compiling source file QSerialDevice.cpp)
c:\users\nicola\documents\repos\qtserialcommands\qtserialcommands\serialcommandfactory.h(5): warning C4067: unexpected tokens following preprocessor directive - expected a newline (compiling source file GeneratedFiles\Release\moc_QSerialDevice.cpp)
  moc_QMatchSerialPort.cpp
  QtSerialCommands.vcxproj -> C:\Users\Nicola\Documents\Repos\QtSerialCommands\x64\Release\QtSerialCommands.lib
