c:\users\nicola\documents\repos\qtserialcommands\qtserialcommands\x64\debug\serialoperationmode.obj
c:\users\nicola\documents\repos\qtserialcommands\qtserialcommands\.\generatedfiles\debug\moc_qasyncserialport.cpp
c:\users\nicola\documents\repos\qtserialcommands\qtserialcommands\.\generatedfiles\debug\moc_qserialbuffer.cpp
c:\users\nicola\documents\repos\qtserialcommands\qtserialcommands\.\generatedfiles\debug\moc_qserialcommandmanager.cpp
c:\users\nicola\documents\repos\qtserialcommands\qtserialcommands\.\generatedfiles\debug\moc_qserialdevice.cpp
c:\users\nicola\documents\repos\qtserialcommands\qtserialcommands\.\generatedfiles\debug\moc_qserialresponseanalyzer.cpp
c:\users\nicola\documents\repos\qtserialcommands\qtserialcommands\.\generatedfiles\debug\moc_qmatchserialport.cpp
c:\users\nicola\documents\repos\qtserialcommands\qtserialcommands\generatedfiles\debug\moc_qasyncserialport.cpp
c:\users\nicola\documents\repos\qtserialcommands\qtserialcommands\generatedfiles\debug\moc_qserialbuffer.cpp
c:\users\nicola\documents\repos\qtserialcommands\qtserialcommands\generatedfiles\debug\moc_qserialcommandmanager.cpp
c:\users\nicola\documents\repos\qtserialcommands\qtserialcommands\generatedfiles\debug\moc_qserialdevice.cpp
c:\users\nicola\documents\repos\qtserialcommands\qtserialcommands\generatedfiles\debug\moc_qserialresponseanalyzer.cpp
c:\users\nicola\documents\repos\qtserialcommands\qtserialcommands\generatedfiles\debug\moc_qmatchserialport.cpp
c:\users\nicola\documents\repos\qtserialcommands\qtserialcommands\x64\debug\qtserialcommands.pdb
c:\users\nicola\documents\repos\qtserialcommands\qtserialcommands\x64\debug\qtserialcommands.tlog\cl.10976.write.1.tlog
c:\users\nicola\documents\repos\qtserialcommands\qtserialcommands\x64\debug\qtserialcommands.tlog\cl.command.1.tlog
c:\users\nicola\documents\repos\qtserialcommands\qtserialcommands\x64\debug\qtserialcommands.tlog\cl.read.1.tlog
c:\users\nicola\documents\repos\qtserialcommands\qtserialcommands\x64\debug\qtserialcommands.tlog\moc.read.1u.tlog
c:\users\nicola\documents\repos\qtserialcommands\qtserialcommands\x64\debug\qtserialcommands.tlog\moc.write.1u.tlog
c:\users\nicola\documents\repos\qtserialcommands\qtserialcommands\x64\debug\qtserialcommands.tlog\qtserialcommands.write.1u.tlog
