c:\collineo\logiciels2015\libraries\qtserialcommands\qtserialcommands\x64\release\serialoperationmode.obj
c:\collineo\logiciels2015\libraries\qtserialcommands\qtserialcommands\x64\release\moc_qserialresponseanalyzer.obj
c:\collineo\logiciels2015\libraries\qtserialcommands\qtserialcommands\x64\release\serialcommand.obj
c:\collineo\logiciels2015\libraries\qtserialcommands\qtserialcommands\x64\release\serialcommandarg.obj
c:\collineo\logiciels2015\libraries\qtserialcommands\qtserialcommands\x64\release\serialresponsematcher.obj
c:\collineo\logiciels2015\libraries\qtserialcommands\qtserialcommands\x64\release\qserialcommandmanager.obj
c:\collineo\logiciels2015\libraries\qtserialcommands\qtserialcommands\x64\release\moc_qserialbuffer.obj
c:\collineo\logiciels2015\libraries\qtserialcommands\qtserialcommands\x64\release\qserialresponseanalyzer.obj
c:\collineo\logiciels2015\libraries\qtserialcommands\qtserialcommands\x64\release\moc_qserialcommandmanager.obj
c:\collineo\logiciels2015\libraries\qtserialcommands\qtserialcommands\x64\release\serialmessages.obj
c:\collineo\logiciels2015\libraries\qtserialcommands\qtserialcommands\x64\release\qserialbuffer.obj
c:\collineo\logiciels2015\libraries\qtserialcommands\qtserialcommands\.\generatedfiles\release\moc_qasyncserialport.cpp
c:\collineo\logiciels2015\libraries\qtserialcommands\qtserialcommands\.\generatedfiles\release\moc_qserialbuffer.cpp
c:\collineo\logiciels2015\libraries\qtserialcommands\qtserialcommands\.\generatedfiles\release\moc_qserialcommandmanager.cpp
c:\collineo\logiciels2015\libraries\qtserialcommands\qtserialcommands\.\generatedfiles\release\moc_qserialdevice.cpp
c:\collineo\logiciels2015\libraries\qtserialcommands\qtserialcommands\.\generatedfiles\release\moc_qserialresponseanalyzer.cpp
c:\collineo\logiciels2015\libraries\qtserialcommands\qtserialcommands\.\generatedfiles\release\moc_qmatchserialport.cpp
c:\collineo\logiciels2015\libraries\qtserialcommands\qtserialcommands\generatedfiles\release\moc_qasyncserialport.cpp
c:\collineo\logiciels2015\libraries\qtserialcommands\qtserialcommands\generatedfiles\release\moc_qserialbuffer.cpp
c:\collineo\logiciels2015\libraries\qtserialcommands\qtserialcommands\generatedfiles\release\moc_qserialcommandmanager.cpp
c:\collineo\logiciels2015\libraries\qtserialcommands\qtserialcommands\generatedfiles\release\moc_qserialdevice.cpp
c:\collineo\logiciels2015\libraries\qtserialcommands\qtserialcommands\generatedfiles\release\moc_qserialresponseanalyzer.cpp
c:\collineo\logiciels2015\libraries\qtserialcommands\qtserialcommands\generatedfiles\release\moc_qmatchserialport.cpp
c:\collineo\logiciels2015\libraries\qtserialcommands\qtserialcommands\x64\release\qtserialcommands.tlog\cl.28336.write.1.tlog
c:\collineo\logiciels2015\libraries\qtserialcommands\qtserialcommands\x64\release\qtserialcommands.tlog\cl.command.1.tlog
c:\collineo\logiciels2015\libraries\qtserialcommands\qtserialcommands\x64\release\qtserialcommands.tlog\cl.read.1.tlog
c:\collineo\logiciels2015\libraries\qtserialcommands\qtserialcommands\x64\release\qtserialcommands.tlog\qtmoc.read.1u.tlog
c:\collineo\logiciels2015\libraries\qtserialcommands\qtserialcommands\x64\release\qtserialcommands.tlog\qtmoc.write.1u.tlog
c:\collineo\logiciels2015\libraries\qtserialcommands\qtserialcommands\x64\release\qtserialcommands.tlog\qtserialcommands.write.1u.tlog
