c:\collineo\logiciels2015\libraries\qtserialcommands\qtserialcommands\x64\debug\qasyncserialport.obj
c:\collineo\logiciels2015\libraries\qtserialcommands\qtserialcommands\x64\debug\serialoperationmode.obj
c:\collineo\logiciels2015\libraries\qtserialcommands\qtserialcommands\x64\debug\moc_qserialresponseanalyzer.obj
c:\collineo\logiciels2015\libraries\qtserialcommands\qtserialcommands\x64\debug\qserialcommandmanager.obj
c:\collineo\logiciels2015\libraries\qtserialcommands\qtserialcommands\x64\debug\moc_qserialcommandmanager.obj
c:\collineo\logiciels2015\libraries\qtserialcommands\qtserialcommands\x64\debug\qserialdevice.obj
c:\collineo\logiciels2015\libraries\qtserialcommands\qtserialcommands\x64\debug\moc_qserialdevice.obj
c:\collineo\logiciels2015\libraries\qtserialcommands\qtserialcommands\x64\debug\serialcommand.obj
c:\collineo\logiciels2015\libraries\qtserialcommands\qtserialcommands\x64\debug\moc_qserialbuffer.obj
c:\collineo\logiciels2015\libraries\qtserialcommands\qtserialcommands\x64\debug\serialcommandarg.obj
c:\collineo\logiciels2015\libraries\qtserialcommands\qtserialcommands\x64\debug\serialportsettings.obj
c:\collineo\logiciels2015\libraries\qtserialcommands\qtserialcommands\x64\debug\qmatchserialport.obj
c:\collineo\logiciels2015\libraries\qtserialcommands\qtserialcommands\x64\debug\moc_qasyncserialport.obj
c:\collineo\logiciels2015\libraries\qtserialcommands\qtserialcommands\x64\debug\qserialresponseanalyzer.obj
c:\collineo\logiciels2015\libraries\qtserialcommands\qtserialcommands\x64\debug\serialresponsematcher.obj
c:\collineo\logiciels2015\libraries\qtserialcommands\qtserialcommands\x64\debug\qserialbuffer.obj
c:\collineo\logiciels2015\libraries\qtserialcommands\qtserialcommands\x64\debug\serialmessages.obj
c:\collineo\logiciels2015\libraries\qtserialcommands\qtserialcommands\x64\debug\moc_qmatchserialport.obj
c:\collineo\logiciels2015\libraries\qtserialcommands\qtserialcommands\x64\debug\qtserialcommands.pdb
c:\collineo\logiciels2015\environmentsensor\x64\debug\qtserialcommands.lib
c:\collineo\logiciels2015\libraries\qtserialcommands\qtserialcommands\.\generatedfiles\debug\moc_qasyncserialport.cpp
c:\collineo\logiciels2015\libraries\qtserialcommands\qtserialcommands\.\generatedfiles\debug\moc_qserialbuffer.cpp
c:\collineo\logiciels2015\libraries\qtserialcommands\qtserialcommands\.\generatedfiles\debug\moc_qserialcommandmanager.cpp
c:\collineo\logiciels2015\libraries\qtserialcommands\qtserialcommands\.\generatedfiles\debug\moc_qserialdevice.cpp
c:\collineo\logiciels2015\libraries\qtserialcommands\qtserialcommands\.\generatedfiles\debug\moc_qserialresponseanalyzer.cpp
c:\collineo\logiciels2015\libraries\qtserialcommands\qtserialcommands\.\generatedfiles\debug\moc_qmatchserialport.cpp
c:\collineo\logiciels2015\libraries\qtserialcommands\qtserialcommands\generatedfiles\debug\moc_qasyncserialport.cpp
c:\collineo\logiciels2015\libraries\qtserialcommands\qtserialcommands\generatedfiles\debug\moc_qserialbuffer.cpp
c:\collineo\logiciels2015\libraries\qtserialcommands\qtserialcommands\generatedfiles\debug\moc_qserialcommandmanager.cpp
c:\collineo\logiciels2015\libraries\qtserialcommands\qtserialcommands\generatedfiles\debug\moc_qserialdevice.cpp
c:\collineo\logiciels2015\libraries\qtserialcommands\qtserialcommands\generatedfiles\debug\moc_qserialresponseanalyzer.cpp
c:\collineo\logiciels2015\libraries\qtserialcommands\qtserialcommands\generatedfiles\debug\moc_qmatchserialport.cpp
c:\collineo\logiciels2015\environmentsensor\x64\debug\qtserialcommands.pdb
c:\collineo\logiciels2015\libraries\qtserialcommands\qtserialcommands\x64\debug\qtserialcommands.tlog\cl.29464.write.1.tlog
c:\collineo\logiciels2015\libraries\qtserialcommands\qtserialcommands\x64\debug\qtserialcommands.tlog\cl.command.1.tlog
c:\collineo\logiciels2015\libraries\qtserialcommands\qtserialcommands\x64\debug\qtserialcommands.tlog\cl.read.1.tlog
c:\collineo\logiciels2015\libraries\qtserialcommands\qtserialcommands\x64\debug\qtserialcommands.tlog\lib-link.read.1.tlog
c:\collineo\logiciels2015\libraries\qtserialcommands\qtserialcommands\x64\debug\qtserialcommands.tlog\lib-link.write.1.tlog
c:\collineo\logiciels2015\libraries\qtserialcommands\qtserialcommands\x64\debug\qtserialcommands.tlog\lib.command.1.tlog
c:\collineo\logiciels2015\libraries\qtserialcommands\qtserialcommands\x64\debug\qtserialcommands.tlog\qtmoc.read.1u.tlog
c:\collineo\logiciels2015\libraries\qtserialcommands\qtserialcommands\x64\debug\qtserialcommands.tlog\qtmoc.write.1u.tlog
c:\collineo\logiciels2015\libraries\qtserialcommands\qtserialcommands\x64\debug\qtserialcommands.tlog\qtserialcommands.write.1u.tlog
